[INFO] 14:38:38:401 Swap/(9342:9342): El archivo swap.data, de 36 bytes, fue creado exitosamente
[INFO] 14:38:38:403 Swap/(9342:9342): A la escucha de algún proceso Administrador de Memoria el puerto: 6000.
[INFO] 14:38:38:403 Swap/(9342:9342): Proceso asignado exitosamente.. PID: 1, N° de byte inicial 0, Tamaño: 8 bytes
[INFO] 14:38:38:403 Swap/(9342:9342): Proceso asignado exitosamente.. PID: 2, N° de byte inicial 8, Tamaño: 12 bytes
[INFO] 14:38:38:404 Swap/(9342:9342): Proceso asignado exitosamente.. PID: 3, N° de byte inicial 20, Tamaño: 12 bytes
[INFO] 14:38:38:404 Swap/(9342:9342): Proceso rechazado. Espacio en swap insufuciente.. PID: 4
[INFO] 14:38:38:404 Swap/(9342:9342): Escritura solicitada.. PID: 1, N° de byte inicial 0, Tamaño: 3 bytes, Contenido: the
[INFO] 14:38:38:404 Swap/(9342:9342): Escritura solicitada.. PID: 1, N° de byte inicial 4, Tamaño: 3 bytes, Contenido: cat
[INFO] 14:38:38:404 Swap/(9342:9342): Escritura solicitada.. PID: 2, N° de byte inicial 8, Tamaño: 4 bytes, Contenido: hola
[INFO] 14:38:38:404 Swap/(9342:9342): Escritura solicitada.. PID: 2, N° de byte inicial 12, Tamaño: 4 bytes, Contenido: mund
[INFO] 14:38:38:404 Swap/(9342:9342): Escritura solicitada.. PID: 2, N° de byte inicial 16, Tamaño: 1 bytes, Contenido: o
[INFO] 14:38:38:404 Swap/(9342:9342): Escritura solicitada.. PID: 3, N° de byte inicial 20, Tamaño: 4 bytes, Contenido: Mati
[INFO] 14:38:38:404 Swap/(9342:9342): Escritura solicitada.. PID: 3, N° de byte inicial 24, Tamaño: 4 bytes, Contenido: alls
[INFO] 14:38:38:404 Swap/(9342:9342): Escritura solicitada.. PID: 3, N° de byte inicial 28, Tamaño: 3 bytes, Contenido: tar
[INFO] 14:38:38:404 Swap/(9342:9342): Lectura solicitada.. PID: 1, N° de byte inicial 0, Tamaño: 3 bytes, Contenido: the
[INFO] 14:38:38:404 Swap/(9342:9342): Lectura solicitada.. PID: 1, N° de byte inicial 4, Tamaño: 3 bytes, Contenido: cat
[INFO] 14:38:38:404 Swap/(9342:9342): Lectura solicitada.. PID: 2, N° de byte inicial 8, Tamaño: 4 bytes, Contenido: hola
[INFO] 14:38:38:404 Swap/(9342:9342): Lectura solicitada.. PID: 2, N° de byte inicial 12, Tamaño: 4 bytes, Contenido: mund
[INFO] 14:38:38:404 Swap/(9342:9342): Lectura solicitada.. PID: 2, N° de byte inicial 16, Tamaño: 1 bytes, Contenido: o
[INFO] 14:38:38:404 Swap/(9342:9342): Lectura solicitada.. PID: 3, N° de byte inicial 20, Tamaño: 4 bytes, Contenido: Mati
[INFO] 14:38:38:404 Swap/(9342:9342): Lectura solicitada.. PID: 3, N° de byte inicial 24, Tamaño: 4 bytes, Contenido: alls
[INFO] 14:38:38:404 Swap/(9342:9342): Lectura solicitada.. PID: 3, N° de byte inicial 28, Tamaño: 3 bytes, Contenido: tar
[INFO] 14:38:38:404 Swap/(9342:9342): Proceso liberado exitosamente.. PID: 2, N° de byte inicial 8, Tamaño: 12 bytes, Páginas leídas: 3, Páginas escritas: 3
[INFO] 14:38:38:404 Swap/(9342:9342): Compactación iniciada por fragmentación externa
[INFO] 14:38:43:404 Swap/(9342:9342): Compactación finalizada
[INFO] 14:38:43:405 Swap/(9342:9342): Proceso asignado exitosamente.. PID: 5, N° de byte inicial 20, Tamaño: 16 bytes
[INFO] 14:38:43:405 Swap/(9342:9342): Escritura solicitada.. PID: 5, N° de byte inicial 32, Tamaño: 3 bytes, Contenido: NEO
[INFO] 14:38:43:405 Swap/(9342:9342): Proceso liberado exitosamente.. PID: 3, N° de byte inicial 8, Tamaño: 12 bytes, Páginas leídas: 3, Páginas escritas: 3
[INFO] 14:38:43:405 Swap/(9342:9342): Proceso asignado exitosamente.. PID: 6, N° de byte inicial 8, Tamaño: 4 bytes
[INFO] 14:38:43:405 Swap/(9342:9342): Escritura solicitada.. PID: 6, N° de byte inicial 8, Tamaño: 4 bytes, Contenido: fork
[INFO] 14:38:43:405 Swap/(9342:9342): Escritura solicitada.. PID: 5, N° de byte inicial 20, Tamaño: 4 bytes, Contenido: bash
[INFO] 14:38:43:405 Swap/(9342:9342): Lectura solicitada.. PID: 5, N° de byte inicial 32, Tamaño: 3 bytes, Contenido: NEO
[INFO] 11:19:16:852 Swap/(4437:4437): El archivo swap.data, de 36 bytes, fue creado exitosamente
[INFO] 11:19:16:852 Swap/(4437:4437): A la escucha de algún proceso Administrador de Memoria el puerto: 6000.
[INFO] 11:19:20:417 Swap/(4437:4440): Se ha conectado un proceso Adm. de Memoria con ip 127.0.0.1 en socket n°6
[INFO] 11:23:50:575 Swap/(4437:4442): Conexión con el Adm. de Memoria 127.0.0.1:6000  terminada
[INFO] 11:23:54:572 Swap/(4576:4576): El archivo swap.data, de 36 bytes, fue creado exitosamente
[INFO] 11:23:54:572 Swap/(4576:4576): A la escucha de algún proceso Administrador de Memoria el puerto: 6000.
[INFO] 11:23:55:688 Swap/(4576:4579): Se ha conectado un proceso Adm. de Memoria con ip 127.0.0.1 en socket n°6
[INFO] 11:50:36:684 Swap/(5945:5945): El archivo swap.data, de 36 bytes, fue creado exitosamente
[INFO] 11:50:36:685 Swap/(5945:5945): A la escucha de algún proceso Administrador de Memoria el puerto: 6000.
[INFO] 11:50:40:161 Swap/(5945:5948): Se ha conectado un proceso Adm. de Memoria con ip 127.0.0.1 en socket n°6
[INFO] 12:15:07:495 Swap/(5945:5951): Proceso asignado exitosamente.. PID: 1, N° de byte inicial 0, Tamaño: 8 bytes
[INFO] 12:15:46:105 Swap/(5945:5951): Proceso asignado exitosamente.. PID: 1, N° de byte inicial 8, Tamaño: 8 bytes
[INFO] 12:17:59:518 Swap/(5945:5951): Proceso asignado exitosamente.. PID: 1, N° de byte inicial 16, Tamaño: 8 bytes
[INFO] 12:18:41:100 Swap/(5945:5951): Proceso asignado exitosamente.. PID: 1, N° de byte inicial 24, Tamaño: 8 bytes
[INFO] 12:19:34:308 Swap/(5945:5951): Conexión con el Adm. de Memoria 127.0.0.1:6000  terminada
[INFO] 12:19:37:980 Swap/(6807:6807): El archivo swap.data, de 36 bytes, fue creado exitosamente
[INFO] 12:19:37:980 Swap/(6807:6807): A la escucha de algún proceso Administrador de Memoria el puerto: 6000.
[INFO] 12:19:39:207 Swap/(6807:6810): Se ha conectado un proceso Adm. de Memoria con ip 127.0.0.1 en socket n°6
[INFO] 12:19:55:885 Swap/(6807:6813): Proceso asignado exitosamente.. PID: 1, N° de byte inicial 0, Tamaño: 8 bytes
[INFO] 12:23:08:959 Swap/(6807:6813): Proceso asignado exitosamente.. PID: 1, N° de byte inicial 8, Tamaño: 8 bytes
[INFO] 12:24:18:281 Swap/(6998:6998): El archivo swap.data, de 36 bytes, fue creado exitosamente
[INFO] 12:24:18:281 Swap/(6998:6998): A la escucha de algún proceso Administrador de Memoria el puerto: 6000.
[INFO] 12:24:19:61 Swap/(6998:7001): Se ha conectado un proceso Adm. de Memoria con ip 127.0.0.1 en socket n°6
[INFO] 12:24:36:307 Swap/(6998:7004): Proceso asignado exitosamente.. PID: 1, N° de byte inicial 0, Tamaño: 8 bytes
[INFO] 12:26:07:428 Swap/(6998:7004): Conexión con el Adm. de Memoria 127.0.0.1:6000  terminada
[INFO] 12:26:09:489 Swap/(7110:7110): El archivo swap.data, de 36 bytes, fue creado exitosamente
[INFO] 12:26:09:489 Swap/(7110:7110): A la escucha de algún proceso Administrador de Memoria el puerto: 6000.
[INFO] 12:26:10:70 Swap/(7110:7113): Se ha conectado un proceso Adm. de Memoria con ip 127.0.0.1 en socket n°6
[INFO] 12:26:20:845 Swap/(7110:7117): Proceso asignado exitosamente.. PID: 1, N° de byte inicial 0, Tamaño: 8 bytes
