[INFO] 15:26:16:480 MARTA/(19758:19758): Se ha conectado exitosamente al FileSystem en IP 127.0.0.1 en puerto 43002 por socket n° 4
[INFO] 15:26:16:480 MARTA/(19758:19758): Arrancando planificador...
[INFO] 15:26:16:482 MARTA/(19758:19760): El FS me pregunta quién soy, contesto.
[ERROR] 15:26:16:482 MARTA/(19758:19760): El FS está inoperativo.
[INFO] 15:27:35:439 MARTA/(19843:19843): Se ha conectado exitosamente al FileSystem en IP 127.0.0.1 en puerto 43002 por socket n° 4
[INFO] 15:27:35:439 MARTA/(19843:19843): Arrancando planificador...
[INFO] 15:27:35:439 MARTA/(19843:19845): El FS me pregunta quién soy, contesto.
[INFO] 15:27:35:440 MARTA/(19843:19845): Nos ponemos en escucha de jobs en puerto 42428...
[ERROR] 15:27:35:820 MARTA/(19843:19845): FileSystem (socket n° 4) se ha desconectado

[INFO] 15:28:01:927 MARTA/(19855:19855): Se ha conectado exitosamente al FileSystem en IP 127.0.0.1 en puerto 43002 por socket n° 4
[INFO] 15:28:01:927 MARTA/(19855:19855): Arrancando planificador...
[INFO] 15:28:01:928 MARTA/(19855:19857): El FS me pregunta quién soy, contesto.
[INFO] 15:28:01:928 MARTA/(19855:19857): Nos ponemos en escucha de jobs en puerto 42428...
[ERROR] 15:28:02:32 MARTA/(19855:19857): FileSystem (socket n° 4) se ha desconectado

[INFO] 15:29:09:916 MARTA/(19904:19904): Se ha conectado exitosamente al FileSystem en IP 127.0.0.1 en puerto 43002 por socket n° 4
[INFO] 15:29:09:916 MARTA/(19904:19904): Arrancando planificador...
[INFO] 15:29:09:917 MARTA/(19904:19906): El FS me pregunta quién soy, contesto.
[INFO] 15:29:09:920 MARTA/(19904:19906): Nos ponemos en escucha de jobs en puerto 42428...
[ERROR] 15:29:28:648 MARTA/(19904:19906): FileSystem (socket n° 4) se ha desconectado

[INFO] 15:30:59:659 MARTA/(20003:20003): Se ha conectado exitosamente al FileSystem en IP 127.0.0.1 en puerto 43002 por socket n° 4
[INFO] 15:30:59:659 MARTA/(20003:20003): Arrancando planificador...
[INFO] 15:30:59:659 MARTA/(20003:20005): El FS me pregunta quién soy, contesto.
[INFO] 15:30:59:660 MARTA/(20003:20005): Nos ponemos en escucha de jobs en puerto 42428...
[ERROR] 15:31:04:185 MARTA/(20003:20005): FileSystem (socket n° 4) se ha desconectado

[INFO] 15:31:15:746 MARTA/(20057:20057): Se ha conectado exitosamente al FileSystem en IP 127.0.0.1 en puerto 43002 por socket n° 4
[INFO] 15:31:15:746 MARTA/(20057:20057): Arrancando planificador...
[INFO] 15:31:15:746 MARTA/(20057:20059): El FS me pregunta quién soy, contesto.
[INFO] 15:31:15:748 MARTA/(20057:20059): Nos ponemos en escucha de jobs en puerto 42428...
[ERROR] 15:31:36:130 MARTA/(20057:20059): FileSystem (socket n° 4) se ha desconectado

[INFO] 15:31:43:698 MARTA/(20128:20128): Se ha conectado exitosamente al FileSystem en IP 127.0.0.1 en puerto 43002 por socket n° 4
[INFO] 15:31:43:698 MARTA/(20128:20128): Arrancando planificador...
[INFO] 15:31:43:698 MARTA/(20128:20130): El FS me pregunta quién soy, contesto.
[INFO] 15:31:43:698 MARTA/(20128:20130): Nos ponemos en escucha de jobs en puerto 42428...
[ERROR] 15:31:47:399 MARTA/(20128:20130): FileSystem (socket n° 4) se ha desconectado

[INFO] 15:32:01:17 MARTA/(20195:20195): Se ha conectado exitosamente al FileSystem en IP 127.0.0.1 en puerto 43002 por socket n° 4
[INFO] 15:32:01:17 MARTA/(20195:20195): Arrancando planificador...
[INFO] 15:32:01:17 MARTA/(20195:20197): El FS me pregunta quién soy, contesto.
[INFO] 15:32:01:21 MARTA/(20195:20197): Nos ponemos en escucha de jobs en puerto 42428...
[ERROR] 15:32:02:673 MARTA/(20195:20197): FileSystem (socket n° 4) se ha desconectado

[INFO] 15:33:35:759 MARTA/(20309:20309): Se ha conectado exitosamente al FileSystem en IP 127.0.0.1 en puerto 43002 por socket n° 4
[INFO] 15:33:35:759 MARTA/(20309:20309): Arrancando planificador...
[INFO] 15:33:35:760 MARTA/(20309:20311): El FS me pregunta quién soy, contesto.
[INFO] 15:33:35:762 MARTA/(20309:20311): Nos ponemos en escucha de jobs en puerto 42428...
[ERROR] 15:33:35:762 MARTA/(20309:20311): ID de task inválida.
[INFO] 15:33:50:407 MARTA/(20347:20347): Se ha conectado exitosamente al FileSystem en IP 127.0.0.1 en puerto 43002 por socket n° 4
[INFO] 15:33:50:407 MARTA/(20347:20347): Arrancando planificador...
[INFO] 15:33:50:408 MARTA/(20347:20349): El FS me pregunta quién soy, contesto.
[INFO] 15:33:50:409 MARTA/(20347:20349): Nos ponemos en escucha de jobs en puerto 42428...
[ERROR] 15:33:55:624 MARTA/(20347:20349): ID de task inválida.
[ERROR] 15:34:13:420 MARTA/(20347:20349): FileSystem (socket n° 4) se ha desconectado

[INFO] 15:35:08:285 MARTA/(20430:20430): Se ha conectado exitosamente al FileSystem en IP 127.0.0.1 en puerto 43002 por socket n° 4
[INFO] 15:35:08:285 MARTA/(20430:20430): Arrancando planificador...
[INFO] 15:35:08:285 MARTA/(20430:20432): El FS me pregunta quién soy, contesto.
[INFO] 15:35:08:286 MARTA/(20430:20432): Nos ponemos en escucha de jobs en puerto 42428...
[ERROR] 15:35:58:234 MARTA/(20430:20432): FileSystem (socket n° 4) se ha desconectado

[INFO] 15:36:45:867 MARTA/(20585:20585): Se ha conectado exitosamente al FileSystem en IP 127.0.0.1 en puerto 43002 por socket n° 4
[INFO] 15:36:45:867 MARTA/(20585:20585): Arrancando planificador...
[INFO] 15:36:45:867 MARTA/(20585:20587): El FS me pregunta quién soy, contesto.
[INFO] 15:36:45:869 MARTA/(20585:20587): Nos ponemos en escucha de jobs en puerto 42428...
[INFO] 15:42:41:2 MARTA/(21190:21190): Se ha conectado exitosamente al FileSystem en IP 127.0.0.1 en puerto 43002 por socket n° 4
[INFO] 15:42:41:2 MARTA/(21190:21190): Arrancando planificador...
[INFO] 15:42:41:3 MARTA/(21190:21192): El FS me pregunta quién soy, contesto.
[INFO] 15:42:41:5 MARTA/(21190:21192): Nos ponemos en escucha de jobs en puerto 42428...
[ERROR] 15:47:27:943 MARTA/(21190:21192): FileSystem (socket n° 4) se ha desconectado

[INFO] 15:47:58:508 MARTA/(21883:21883): Se ha conectado exitosamente al FileSystem en IP 127.0.0.1 en puerto 43002 por socket n° 4
[INFO] 15:47:58:508 MARTA/(21883:21883): Arrancando planificador...
[INFO] 15:47:58:509 MARTA/(21883:21885): El FS me pregunta quién soy, contesto.
[INFO] 15:47:58:511 MARTA/(21883:21885): Nos ponemos en escucha de jobs en puerto 42428...
[ERROR] 15:48:44:768 MARTA/(21883:21885): FileSystem (socket n° 4) se ha desconectado

[INFO] 15:52:00:799 MARTA/(22131:22131): Se ha conectado exitosamente al FileSystem en IP 127.0.0.1 en puerto 43002 por socket n° 4
[INFO] 15:52:00:799 MARTA/(22131:22131): Arrancando planificador...
[INFO] 15:52:00:799 MARTA/(22131:22133): El FS me pregunta quién soy, contesto.
[INFO] 15:52:00:801 MARTA/(22131:22133): Nos ponemos en escucha de jobs en puerto 42428...
[INFO] 15:58:03:806 MARTA/(22474:22474): Se ha conectado exitosamente al FileSystem en IP 127.0.0.1 en puerto 43002 por socket n° 4
[INFO] 15:58:03:806 MARTA/(22474:22474): Arrancando planificador...
[INFO] 15:58:03:807 MARTA/(22474:22476): El FS me pregunta quién soy, contesto.
[INFO] 15:58:03:807 MARTA/(22474:22476): Nos ponemos en escucha de jobs en puerto 42428...
[ERROR] 15:58:03:920 MARTA/(22474:22476): FileSystem (socket n° 4) se ha desconectado

[INFO] 15:59:15:614 MARTA/(22495:22495): Se ha conectado exitosamente al FileSystem en IP 127.0.0.1 en puerto 43002 por socket n° 4
[INFO] 15:59:15:614 MARTA/(22495:22495): Arrancando planificador...
[INFO] 15:59:15:614 MARTA/(22495:22497): El FS me pregunta quién soy, contesto.
[INFO] 15:59:15:614 MARTA/(22495:22497): Nos ponemos en escucha de jobs en puerto 42428...
[INFO] 16:00:45:475 MARTA/(22639:22639): Se ha conectado exitosamente al FileSystem en IP 127.0.0.1 en puerto 43002 por socket n° 4
[INFO] 16:00:45:475 MARTA/(22639:22639): Arrancando planificador...
[INFO] 16:00:45:476 MARTA/(22639:22641): El FS me pregunta quién soy, contesto.
[INFO] 16:00:45:476 MARTA/(22639:22641): Nos ponemos en escucha de jobs en puerto 42428...
[ERROR] 16:00:47:371 MARTA/(22639:22641): FileSystem (socket n° 4) se ha desconectado

[INFO] 22:13:22:445 MARTA/(23104:23104): Se ha conectado exitosamente al FileSystem en IP 127.0.0.1 en puerto 43002 por socket n° 4
[INFO] 22:13:22:445 MARTA/(23104:23104): Arrancando planificador...
[INFO] 22:13:22:446 MARTA/(23104:23106): El FS me pregunta quién soy, contesto.
[INFO] 22:13:22:446 MARTA/(23104:23106): Nos ponemos en escucha de jobs en puerto 42428...
[ERROR] 22:13:22:555 MARTA/(23104:23106): FileSystem (socket n° 4) se ha desconectado

[INFO] 22:14:14:557 MARTA/(23158:23158): Se ha conectado exitosamente al FileSystem en IP 127.0.0.1 en puerto 43002 por socket n° 4
[INFO] 22:14:14:557 MARTA/(23158:23158): Arrancando planificador...
[INFO] 22:14:14:558 MARTA/(23158:23160): El FS me pregunta quién soy, contesto.
[INFO] 22:14:14:559 MARTA/(23158:23160): Nos ponemos en escucha de jobs en puerto 42428...
[ERROR] 22:14:29:396 MARTA/(23158:23160): FileSystem (socket n° 4) se ha desconectado

[INFO] 22:15:08:787 MARTA/(23237:23237): Se ha conectado exitosamente al FileSystem en IP 127.0.0.1 en puerto 43002 por socket n° 4
[INFO] 22:15:08:787 MARTA/(23237:23237): Arrancando planificador...
[INFO] 22:15:08:788 MARTA/(23237:23239): El FS me pregunta quién soy, contesto.
[INFO] 22:15:12:906 MARTA/(23237:23239): Nos ponemos en escucha de jobs en puerto 42428...
[ERROR] 22:15:30:825 MARTA/(23237:23239): FileSystem (socket n° 4) se ha desconectado

[INFO] 22:17:42:583 MARTA/(23383:23383): Se ha conectado exitosamente al FileSystem en IP 127.0.0.1 en puerto 43002 por socket n° 4
[INFO] 22:17:42:583 MARTA/(23383:23383): Arrancando planificador...
[INFO] 22:17:42:585 MARTA/(23383:23384): El FS me pregunta quién soy, contesto.
[INFO] 22:17:42:586 MARTA/(23383:23384): Nos ponemos en escucha de jobs en puerto 42428...
[ERROR] 22:17:43:589 MARTA/(23383:23384): FileSystem (socket n° 4) se ha desconectado

[INFO] 22:19:38:403 MARTA/(23442:23442): Se ha conectado exitosamente al FileSystem en IP 127.0.0.1 en puerto 43002 por socket n° 4
[INFO] 22:19:38:403 MARTA/(23442:23442): Arrancando planificador...
[INFO] 22:19:38:403 MARTA/(23442:23444): El FS me pregunta quién soy, contesto.
[INFO] 22:19:45:188 MARTA/(23442:23444): Nos ponemos en escucha de jobs en puerto 42428...
[ERROR] 22:20:06:15 MARTA/(23442:23444): FileSystem (socket n° 4) se ha desconectado

[INFO] 22:23:23:999 MARTA/(23637:23637): Se ha conectado exitosamente al FileSystem en IP 127.0.0.1 en puerto 43002 por socket n° 4
[INFO] 22:23:23:999 MARTA/(23637:23637): Arrancando planificador...
[INFO] 22:23:23:0 MARTA/(23637:23639): El FS me pregunta quién soy, contesto.
[INFO] 22:23:23:2 MARTA/(23637:23639): Nos ponemos en escucha de jobs en puerto 42428...
[ERROR] 22:23:54:487 MARTA/(23637:23639): ID de task inválida.
[ERROR] 22:25:23:560 MARTA/(23637:23639): FileSystem (socket n° 4) se ha desconectado

[INFO] 22:27:52:481 MARTA/(24064:24064): Se ha conectado exitosamente al FileSystem en IP 127.0.0.1 en puerto 43002 por socket n° 4
[INFO] 22:27:52:481 MARTA/(24064:24064): Arrancando planificador...
[INFO] 22:27:52:481 MARTA/(24064:24066): El FS me pregunta quién soy, contesto.
[INFO] 22:27:52:484 MARTA/(24064:24066): Nos ponemos en escucha de jobs en puerto 42428...
[ERROR] 22:29:02:511 MARTA/(24064:24066): FileSystem (socket n° 4) se ha desconectado

[INFO] 22:30:01:896 MARTA/(24287:24287): Se ha conectado exitosamente al FileSystem en IP 127.0.0.1 en puerto 43002 por socket n° 4
[INFO] 22:30:01:896 MARTA/(24287:24287): Arrancando planificador...
[INFO] 22:30:01:897 MARTA/(24287:24289): El FS me pregunta quién soy, contesto.
[INFO] 22:30:01:901 MARTA/(24287:24289): Nos ponemos en escucha de jobs en puerto 42428...
[ERROR] 22:30:02:902 MARTA/(24287:24289): ID de task inválida.
[ERROR] 22:32:12:524 MARTA/(24287:24289): FileSystem (socket n° 4) se ha desconectado

[INFO] 22:38:21:937 MARTA/(24652:24652): Se ha conectado exitosamente al FileSystem en IP 127.0.0.1 en puerto 43002 por socket n° 4
[INFO] 22:38:21:937 MARTA/(24652:24652): Arrancando planificador...
[INFO] 22:38:21:938 MARTA/(24652:24654): El FS me pregunta quién soy, contesto.
[INFO] 22:38:21:939 MARTA/(24652:24654): Nos ponemos en escucha de jobs en puerto 42428...
[ERROR] 22:39:23:526 MARTA/(24652:24654): FileSystem (socket n° 4) se ha desconectado

[INFO] 22:41:46:546 MARTA/(24849:24849): Se ha conectado exitosamente al FileSystem en IP 127.0.0.1 en puerto 43002 por socket n° 4
[INFO] 22:41:46:546 MARTA/(24849:24849): Arrancando planificador...
[INFO] 22:41:46:546 MARTA/(24849:24851): El FS me pregunta quién soy, contesto.
[INFO] 22:41:46:548 MARTA/(24849:24851): Nos ponemos en escucha de jobs en puerto 42428...
[ERROR] 22:42:19:912 MARTA/(24849:24851): FileSystem (socket n° 4) se ha desconectado

[INFO] 22:42:30:73 MARTA/(24927:24927): Se ha conectado exitosamente al FileSystem en IP 127.0.0.1 en puerto 43002 por socket n° 4
[INFO] 22:42:30:73 MARTA/(24927:24927): Arrancando planificador...
[INFO] 22:42:30:73 MARTA/(24927:24929): El FS me pregunta quién soy, contesto.
[INFO] 22:42:30:73 MARTA/(24927:24929): Nos ponemos en escucha de jobs en puerto 42428...
[INFO] 22:42:55:17 MARTA/(24973:24973): Se ha conectado exitosamente al FileSystem en IP 127.0.0.1 en puerto 43002 por socket n° 4
[INFO] 22:42:55:17 MARTA/(24973:24973): Arrancando planificador...
[INFO] 22:42:55:18 MARTA/(24973:24975): El FS me pregunta quién soy, contesto.
[INFO] 22:42:55:18 MARTA/(24973:24975): Nos ponemos en escucha de jobs en puerto 42428...
[ERROR] 23:08:51:331 MARTA/(24973:24975): FileSystem (socket n° 4) se ha desconectado

[INFO] 23:09:23:298 MARTA/(28496:28496): Se ha conectado exitosamente al FileSystem en IP 127.0.0.1 en puerto 43002 por socket n° 4
[INFO] 23:09:23:298 MARTA/(28496:28496): Arrancando planificador...
[INFO] 23:09:23:298 MARTA/(28496:28498): El FS me pregunta quién soy, contesto.
[INFO] 23:09:23:299 MARTA/(28496:28498): Nos ponemos en escucha de jobs en puerto 42428...
[ERROR] 23:11:27:122 MARTA/(28496:28498): FileSystem (socket n° 4) se ha desconectado

[INFO] 23:34:51:980 MARTA/(3389:3389): Se ha conectado exitosamente al FileSystem en IP 127.0.0.1 en puerto 43002 por socket n° 4
[INFO] 23:34:51:988 MARTA/(3389:3389): Arrancando planificador...
[INFO] 23:34:51:980 MARTA/(3389:3391): El FS me pregunta quién soy, contesto.
[INFO] 23:34:51:989 MARTA/(3389:3391): Nos ponemos en escucha de jobs en puerto 42428...
[INFO] 23:35:28:605 MARTA/(3455:3455): Se ha conectado exitosamente al FileSystem en IP 127.0.0.1 en puerto 43002 por socket n° 4
[INFO] 23:35:28:605 MARTA/(3455:3455): Arrancando planificador...
[INFO] 23:35:28:606 MARTA/(3455:3457): El FS me pregunta quién soy, contesto.
[INFO] 23:35:30:608 MARTA/(3455:3457): Nos ponemos en escucha de jobs en puerto 42428...
[ERROR] 23:35:30:613 MARTA/(3455:3457): Se ha desconectado un Nodo que no existe en MarTA.
[INFO] 23:36:05:301 MARTA/(3536:3536): Se ha conectado exitosamente al FileSystem en IP 127.0.0.1 en puerto 43002 por socket n° 4
[INFO] 23:36:05:301 MARTA/(3536:3536): Arrancando planificador...
[INFO] 23:36:05:301 MARTA/(3536:3538): El FS me pregunta quién soy, contesto.
[INFO] 23:36:07:302 MARTA/(3536:3538): Nos ponemos en escucha de jobs en puerto 42428...
[ERROR] 23:36:07:304 MARTA/(3536:3538): Se ha desconectado un Nodo que no existe en MarTA.
[ERROR] 23:36:55:962 MARTA/(3536:3538): FileSystem (socket n° 4) se ha desconectado

[INFO] 23:38:32:137 MARTA/(3753:3753): Se ha conectado exitosamente al FileSystem en IP 127.0.0.1 en puerto 43002 por socket n° 4
[INFO] 23:38:32:137 MARTA/(3753:3753): Arrancando planificador...
[INFO] 23:38:32:138 MARTA/(3753:3755): El FS me pregunta quién soy, contesto.
[INFO] 23:38:34:138 MARTA/(3753:3755): Nos ponemos en escucha de jobs en puerto 42428...
[ERROR] 23:38:57:807 MARTA/(3753:3755): Se ha desconectado un Nodo que no existe en MarTA.
[ERROR] 23:39:18:567 MARTA/(3753:3755): FileSystem (socket n° 4) se ha desconectado

[INFO] 23:40:27:551 MARTA/(3941:3941): Se ha conectado exitosamente al FileSystem en IP 127.0.0.1 en puerto 43002 por socket n° 4
[INFO] 23:40:27:551 MARTA/(3941:3941): Arrancando planificador...
[INFO] 23:40:27:552 MARTA/(3941:3943): El FS me pregunta quién soy, contesto.
[INFO] 23:40:29:552 MARTA/(3941:3943): Nos ponemos en escucha de jobs en puerto 42428...
[ERROR] 23:40:29:553 MARTA/(3941:3943): ID de task inválida.
[INFO] 23:41:24:437 MARTA/(4061:4061): Se ha conectado exitosamente al FileSystem en IP 127.0.0.1 en puerto 43002 por socket n° 4
[INFO] 23:41:24:437 MARTA/(4061:4061): Arrancando planificador...
[INFO] 23:41:24:437 MARTA/(4061:4063): El FS me pregunta quién soy, contesto.
[INFO] 23:41:26:441 MARTA/(4061:4063): Nos ponemos en escucha de jobs en puerto 42428...
[ERROR] 23:41:26:441 MARTA/(4061:4063): ID de task inválida.
[ERROR] 23:41:45:68 MARTA/(4061:4063): Se ha desconectado un Nodo que no existe en MarTA.
[ERROR] 23:42:50:505 MARTA/(4061:4063): FileSystem (socket n° 4) se ha desconectado

[INFO] 23:42:56:524 MARTA/(4258:4258): Se ha conectado exitosamente al FileSystem en IP 127.0.0.1 en puerto 43002 por socket n° 4
[INFO] 23:42:56:524 MARTA/(4258:4258): Arrancando planificador...
[INFO] 23:42:56:524 MARTA/(4258:4260): El FS me pregunta quién soy, contesto.
[INFO] 23:42:58:530 MARTA/(4258:4260): Nos ponemos en escucha de jobs en puerto 42428...
[ERROR] 23:42:58:530 MARTA/(4258:4260): Se ha desconectado un Nodo que no existe en MarTA.
[ERROR] 23:43:04:15 MARTA/(4258:4260): FileSystem (socket n° 4) se ha desconectado

[INFO] 23:44:12:137 MARTA/(4341:4341): Se ha conectado exitosamente al FileSystem en IP 127.0.0.1 en puerto 43002 por socket n° 4
[INFO] 23:44:12:137 MARTA/(4341:4341): Arrancando planificador...
[INFO] 23:44:12:137 MARTA/(4341:4343): El FS me pregunta quién soy, contesto.
[INFO] 23:44:14:140 MARTA/(4341:4343): Nos ponemos en escucha de jobs en puerto 42428...
[ERROR] 23:44:14:140 MARTA/(4341:4343): ID de task inválida.
[ERROR] 23:44:37:734 MARTA/(4341:4343): Se ha desconectado un Nodo que no existe en MarTA.
[ERROR] 23:45:14:661 MARTA/(4341:4343): FileSystem (socket n° 4) se ha desconectado

[INFO] 23:45:30:384 MARTA/(4551:4551): Se ha conectado exitosamente al FileSystem en IP 127.0.0.1 en puerto 43002 por socket n° 4
[INFO] 23:45:30:384 MARTA/(4551:4551): Arrancando planificador...
[INFO] 23:45:30:384 MARTA/(4551:4553): El FS me pregunta quién soy, contesto.
[INFO] 23:45:32:385 MARTA/(4551:4553): Nos ponemos en escucha de jobs en puerto 42428...
[ERROR] 23:45:32:387 MARTA/(4551:4553): Se ha desconectado un Nodo que no existe en MarTA.
[ERROR] 23:45:47:887 MARTA/(4551:4553): FileSystem (socket n° 4) se ha desconectado

[INFO] 23:45:57:478 MARTA/(4633:4633): Se ha conectado exitosamente al FileSystem en IP 127.0.0.1 en puerto 43002 por socket n° 4
[INFO] 23:45:57:478 MARTA/(4633:4633): Arrancando planificador...
[INFO] 23:45:57:478 MARTA/(4633:4635): El FS me pregunta quién soy, contesto.
[INFO] 23:45:59:480 MARTA/(4633:4635): Nos ponemos en escucha de jobs en puerto 42428...
[ERROR] 23:45:59:481 MARTA/(4633:4635): Se ha desconectado un Nodo que no existe en MarTA.
[ERROR] 23:46:37:940 MARTA/(4633:4635): FileSystem (socket n° 4) se ha desconectado

[INFO] 23:47:01:333 MARTA/(4769:4769): Se ha conectado exitosamente al FileSystem en IP 127.0.0.1 en puerto 43002 por socket n° 4
[INFO] 23:47:01:333 MARTA/(4769:4769): Arrancando planificador...
[INFO] 23:47:01:334 MARTA/(4769:4771): El FS me pregunta quién soy, contesto.
[INFO] 23:47:03:335 MARTA/(4769:4771): Nos ponemos en escucha de jobs en puerto 42428...
[ERROR] 23:47:55:928 MARTA/(4769:4771): FileSystem (socket n° 4) se ha desconectado

[INFO] 23:48:27:618 MARTA/(4954:4954): Se ha conectado exitosamente al FileSystem en IP 127.0.0.1 en puerto 43002 por socket n° 4
[INFO] 23:48:27:618 MARTA/(4954:4954): Arrancando planificador...
[INFO] 23:48:27:618 MARTA/(4954:4964): El FS me pregunta quién soy, contesto.
[INFO] 23:48:29:627 MARTA/(4954:4964): Nos ponemos en escucha de jobs en puerto 42428...
[ERROR] 23:48:29:627 MARTA/(4954:4964): ID de task inválida.
[INFO] 23:48:50:769 MARTA/(5019:5019): Se ha conectado exitosamente al FileSystem en IP 127.0.0.1 en puerto 43002 por socket n° 4
[INFO] 23:48:50:769 MARTA/(5019:5019): Arrancando planificador...
[INFO] 23:48:50:769 MARTA/(5019:5025): El FS me pregunta quién soy, contesto.
[INFO] 23:48:52:776 MARTA/(5019:5025): Nos ponemos en escucha de jobs en puerto 42428...
[ERROR] 23:48:52:777 MARTA/(5019:5025): ID de task inválida.
[ERROR] 23:48:53:161 MARTA/(5019:5025): FileSystem (socket n° 4) se ha desconectado

[INFO] 23:49:23:274 MARTA/(5079:5079): Se ha conectado exitosamente al FileSystem en IP 127.0.0.1 en puerto 43002 por socket n° 4
[INFO] 23:49:23:274 MARTA/(5079:5079): Arrancando planificador...
[INFO] 23:49:23:275 MARTA/(5079:5081): El FS me pregunta quién soy, contesto.
[INFO] 23:49:25:277 MARTA/(5079:5081): Nos ponemos en escucha de jobs en puerto 42428...
[ERROR] 23:49:31:345 MARTA/(5079:5081): Se ha desconectado un Nodo que no existe en MarTA.
[ERROR] 23:50:05:840 MARTA/(5079:5081): FileSystem (socket n° 4) se ha desconectado

[INFO] 23:50:51:889 MARTA/(5282:5282): Se ha conectado exitosamente al FileSystem en IP 127.0.0.1 en puerto 43002 por socket n° 4
[INFO] 23:50:51:889 MARTA/(5282:5282): Arrancando planificador...
[INFO] 23:50:51:889 MARTA/(5282:5284): El FS me pregunta quién soy, contesto.
[INFO] 23:50:53:891 MARTA/(5282:5284): Nos ponemos en escucha de jobs en puerto 42428...
[ERROR] 23:52:00:176 MARTA/(5282:5284): Se ha desconectado un Nodo que no existe en MarTA.
[ERROR] 23:52:05:773 MARTA/(5282:5284): FileSystem (socket n° 4) se ha desconectado

[INFO] 23:52:30:599 MARTA/(5519:5519): Se ha conectado exitosamente al FileSystem en IP 127.0.0.1 en puerto 43002 por socket n° 4
[INFO] 23:52:30:599 MARTA/(5519:5519): Arrancando planificador...
[INFO] 23:52:30:599 MARTA/(5519:5521): El FS me pregunta quién soy, contesto.
[INFO] 23:52:32:601 MARTA/(5519:5521): Nos ponemos en escucha de jobs en puerto 42428...
[ERROR] 23:52:58:646 MARTA/(5519:5521): ID de task inválida.
[ERROR] 23:53:24:961 MARTA/(5519:5521): FileSystem (socket n° 4) se ha desconectado

[INFO] 23:53:32:205 MARTA/(5653:5653): Se ha conectado exitosamente al FileSystem en IP 127.0.0.1 en puerto 43002 por socket n° 4
[INFO] 23:53:32:205 MARTA/(5653:5653): Arrancando planificador...
[INFO] 23:53:32:205 MARTA/(5653:5655): El FS me pregunta quién soy, contesto.
[INFO] 23:53:34:208 MARTA/(5653:5655): Nos ponemos en escucha de jobs en puerto 42428...
[ERROR] 23:55:02:740 MARTA/(5653:5655): FileSystem (socket n° 4) se ha desconectado

[INFO] 23:55:13:651 MARTA/(5889:5889): Se ha conectado exitosamente al FileSystem en IP 127.0.0.1 en puerto 43002 por socket n° 4
[INFO] 23:55:13:651 MARTA/(5889:5889): Arrancando planificador...
[INFO] 23:55:13:651 MARTA/(5889:5891): El FS me pregunta quién soy, contesto.
[INFO] 23:55:15:653 MARTA/(5889:5891): Nos ponemos en escucha de jobs en puerto 42428...
[ERROR] 23:56:14:360 MARTA/(5889:5891): Se ha desconectado un Nodo que no existe en MarTA.
[ERROR] 23:56:16:191 MARTA/(5889:5891): FileSystem (socket n° 4) se ha desconectado

[INFO] 23:56:41:65 MARTA/(6071:6071): Se ha conectado exitosamente al FileSystem en IP 127.0.0.1 en puerto 43002 por socket n° 4
[INFO] 23:56:41:65 MARTA/(6071:6071): Arrancando planificador...
[INFO] 23:56:41:65 MARTA/(6071:6073): El FS me pregunta quién soy, contesto.
[INFO] 23:56:43:67 MARTA/(6071:6073): Nos ponemos en escucha de jobs en puerto 42428...
[ERROR] 23:59:16:453 MARTA/(6071:6073): FileSystem (socket n° 4) se ha desconectado

[INFO] 00:00:00:389 MARTA/(6485:6485): Se ha conectado exitosamente al FileSystem en IP 127.0.0.1 en puerto 43002 por socket n° 4
[INFO] 00:00:00:389 MARTA/(6485:6485): Arrancando planificador...
[INFO] 00:00:00:389 MARTA/(6485:6487): El FS me pregunta quién soy, contesto.
[INFO] 00:00:02:391 MARTA/(6485:6487): Nos ponemos en escucha de jobs en puerto 42428...
[ERROR] 00:00:02:391 MARTA/(6485:6487): ID de task inválida.
[INFO] 00:00:09:853 MARTA/(6508:6508): Se ha conectado exitosamente al FileSystem en IP 127.0.0.1 en puerto 43002 por socket n° 4
[INFO] 00:00:09:853 MARTA/(6508:6508): Arrancando planificador...
[INFO] 00:00:09:854 MARTA/(6508:6510): El FS me pregunta quién soy, contesto.
[INFO] 00:00:11:855 MARTA/(6508:6510): Nos ponemos en escucha de jobs en puerto 42428...
[ERROR] 00:01:36:946 MARTA/(6508:6510): ID de task inválida.
[ERROR] 00:01:38:522 MARTA/(6508:6510): FileSystem (socket n° 4) se ha desconectado

[INFO] 00:01:48:154 MARTA/(6739:6739): Se ha conectado exitosamente al FileSystem en IP 127.0.0.1 en puerto 43002 por socket n° 4
[INFO] 00:01:48:154 MARTA/(6739:6739): Arrancando planificador...
[INFO] 00:01:48:155 MARTA/(6739:6741): El FS me pregunta quién soy, contesto.
[INFO] 00:01:50:157 MARTA/(6739:6741): Nos ponemos en escucha de jobs en puerto 42428...
[ERROR] 00:01:50:158 MARTA/(6739:6741): ID de task inválida.
[ERROR] 00:32:45:791 MARTA/(6739:6741): FileSystem (socket n° 4) se ha desconectado

[INFO] 00:33:11:521 MARTA/(10729:10729): Se ha conectado exitosamente al FileSystem en IP 127.0.0.1 en puerto 43002 por socket n° 4
[INFO] 00:33:11:521 MARTA/(10729:10729): Arrancando planificador...
[INFO] 00:33:11:521 MARTA/(10729:10731): El FS me pregunta quién soy, contesto.
[INFO] 00:33:13:523 MARTA/(10729:10731): Nos ponemos en escucha de jobs en puerto 42428...
[ERROR] 00:33:13:524 MARTA/(10729:10731): ID de task inválida.
[INFO] 00:33:21:25 MARTA/(10751:10751): Se ha conectado exitosamente al FileSystem en IP 127.0.0.1 en puerto 43002 por socket n° 4
[INFO] 00:33:21:25 MARTA/(10751:10751): Arrancando planificador...
[INFO] 00:33:21:25 MARTA/(10751:10753): El FS me pregunta quién soy, contesto.
[INFO] 00:33:23:26 MARTA/(10751:10753): Nos ponemos en escucha de jobs en puerto 42428...
[ERROR] 00:33:23:33 MARTA/(10751:10753): ID de task inválida.
[ERROR] 00:49:25:28 MARTA/(10751:10753): FileSystem (socket n° 4) se ha desconectado

